1
  ... Passed --   3.0  3   50   10292    0
  ... Passed --   4.4  3  116   17750    0
  ... Passed --   5.5  7  606   92476    0
ok  	6.824/raft	12.984s
2
  ... Passed --   3.0  3   52   10708    0
  ... Passed --   4.5  3  120   18288    0
  ... Passed --   5.5  7  612   93500    0
ok  	6.824/raft	13.029s
3
  ... Passed --   3.1  3   54   11016    0
  ... Passed --   4.5  3  122   18418    0
  ... Passed --   6.0  7  594   88646    0
ok  	6.824/raft	13.702s
4
  ... Passed --   3.1  3   54   11016    0
  ... Passed --   4.4  3  114   17244    0
  ... Passed --   5.4  7  600   91878    0
ok  	6.824/raft	12.999s
5
  ... Passed --   3.0  3   52   10604    0
  ... Passed --   4.5  3  120   18574    0
  ... Passed --   5.7  7  576   85390    0
ok  	6.824/raft	13.272s
6
  ... Passed --   3.0  3   50   10292    0
  ... Passed --   4.5  3  120   18212    0
  ... Passed --   5.5  7  600   90838    0
ok  	6.824/raft	13.047s
7
  ... Passed --   3.1  3   50   10292    0
  ... Passed --   4.6  3  122   18808    0
  ... Passed --   5.4  7  684  105120    0
ok  	6.824/raft	13.068s
8
  ... Passed --   3.0  3   50   10292    0
  ... Passed --   4.5  3  118   18162    0
  ... Passed --   5.4  7  588   91238    0
ok  	6.824/raft	12.953s
9
  ... Passed --   3.1  3   54   11016    0
  ... Passed --   4.6  3  122   18586    0
  ... Passed --   5.5  7  540   82740    0
ok  	6.824/raft	13.263s
10
  ... Passed --   3.0  3   50   10292    0
  ... Passed --   4.5  3  122   18528    0
  ... Passed --   5.6  7  636   98094    0
ok  	6.824/raft	13.164s
11
  ... Passed --   3.0  3   54   11012    0
  ... Passed --   4.4  3  124   18870    0
  ... Passed --   5.3  7  588   89572    0
ok  	6.824/raft	12.830s
12
  ... Passed --   3.0  3   54   10912    0
  ... Passed --   4.5  3  120   18456    0
  ... Passed --   5.4  7  630   97586    0
ok  	6.824/raft	13.056s
13
  ... Passed --   3.1  3   52   10604    0
  ... Passed --   4.6  3  122   18662    0
  ... Passed --   5.6  7  594   92674    0
ok  	6.824/raft	13.238s
14
  ... Passed --   3.0  3   50   10192    0
  ... Passed --   4.5  3  120   18102    0
  ... Passed --   6.1  7  630   92228    0
ok  	6.824/raft	13.592s
15
  ... Passed --   3.1  3   54   11124    0
  ... Passed --   5.0  3  134   20372    0
  ... Passed --   5.5  7  552   85528    0
ok  	6.824/raft	13.578s
16
  ... Passed --   3.1  3   54   11124    0
  ... Passed --   4.5  3  118   18080    0
  ... Passed --   5.6  7  588   90604    0
ok  	6.824/raft	13.241s
17
  ... Passed --   3.1  3   54   11124    0
  ... Passed --   4.4  3  120   18510    0
  ... Passed --   5.5  7  594   91850    0
ok  	6.824/raft	13.061s
18
  ... Passed --   3.0  3   52   10708    0
  ... Passed --   4.5  3  122   18590    0
  ... Passed --   5.6  7  540   84244    0
ok  	6.824/raft	13.191s
19
  ... Passed --   3.0  3   52   10708    0
  ... Passed --   4.5  3  120   17950    0
  ... Passed --   5.5  7  594   94276    0
ok  	6.824/raft	13.039s
20
  ... Passed --   3.0  3   52   10604    0
  ... Passed --   4.5  3  120   18118    0
  ... Passed --   6.0  7  642   95200    0
ok  	6.824/raft	13.552s
21
  ... Passed --   3.0  3   52   10604    0
  ... Passed --   4.5  3  124   19058    0
  ... Passed --   5.6  7  696  106504    0
ok  	6.824/raft	13.133s
22
  ... Passed --   3.1  3   54   11016    0
  ... Passed --   5.0  3  132   19782    0
  ... Passed --   5.5  7  582   89538    0
ok  	6.824/raft	13.554s
23
  ... Passed --   3.0  3   52   10604    0
  ... Passed --   4.5  3  124   18788    0
  ... Passed --   5.4  7  612   92946    0
ok  	6.824/raft	13.040s
24
  ... Passed --   3.1  3   52   10604    0
  ... Passed --   4.5  3  118   18110    0
  ... Passed --   5.7  7  582   91144    0
ok  	6.824/raft	13.220s
25
  ... Passed --   3.1  3   52   10708    0
  ... Passed --   4.5  3  124   18950    0
  ... Passed --   5.5  7  534   83476    0
ok  	6.824/raft	13.159s
26
  ... Passed --   3.1  3   54   11016    0
  ... Passed --   4.5  3  120   18242    0
  ... Passed --   5.6  7  540   79364    0
ok  	6.824/raft	13.201s
27
  ... Passed --   3.0  3   52   10708    0
  ... Passed --   4.6  3  122   18920    0
  ... Passed --   5.4  7  540   81132    0
ok  	6.824/raft	13.022s
28
  ... Passed --   3.0  3   52   10708    0
  ... Passed --   4.5  3  116   17678    0
  ... Passed --   5.4  7  594   88798    0
ok  	6.824/raft	12.891s
29
  ... Passed --   3.1  3   54   11124    0
  ... Passed --   4.5  3  114   17002    0
  ... Passed --   5.6  7  552   84608    0
ok  	6.824/raft	13.232s
30
  ... Passed --   3.1  3   54   11124    0
  ... Passed --   4.5  3  120   18284    0
  ... Passed --   5.6  7  588   86254    0
ok  	6.824/raft	13.227s
31
  ... Passed --   3.1  3   54   11124    0
  ... Passed --   4.5  3  124   18760    0
  ... Passed --   5.6  7  756  115804    0
ok  	6.824/raft	13.285s
32
  ... Passed --   3.0  3   54   10896    0
  ... Passed --   4.5  3  120   18300    0
  ... Passed --   5.6  7  558   86716    0
ok  	6.824/raft	13.152s
33
  ... Passed --   3.1  3   54   11124    0
  ... Passed --   4.6  3  124   18882    0
  ... Passed --   5.5  7  606   91636    0
ok  	6.824/raft	13.290s
34
  ... Passed --   3.1  3   54   11124    0
  ... Passed --   4.6  3  126   19192    0
  ... Passed --   5.4  7  618   95820    0
ok  	6.824/raft	13.094s
35
  ... Passed --   3.0  3   52   10484    0
  ... Passed --   4.6  3  120   18680    0
  ... Passed --   5.5  7  690  104344    0
ok  	6.824/raft	13.132s
36
  ... Passed --   3.1  3   54   11124    0
  ... Passed --   4.5  3  118   17838    0
  ... Passed --2022/04/21 14:12:19 57 1 derver go exit--2
ok  	6.824/raft	13.228s
37
  ... Passed --   3.1  3   52   10708    0
  ... Passed --   4.4  3  118   18042    0
  ... Passed --   5.6  7  606   92344    0
ok  	6.824/raft	13.089s
38
  ... Passed --   3.0  3   50   10192    0
  ... Passed --   4.5  3  124   18940    0
  ... Passed --2022/04/21 14:12:45 616 3 derver go exit--4
ok  	6.824/raft	13.058s
39
  ... Passed --   3.0  3   52   10708    0
  ... Passed --   4.5  3  122   18476    0
  ... Passed --   5.6  7  660   97542    0
ok  	6.824/raft	13.131s
40
  ... Passed --   3.0  3   52   10604    0
  ... Passed --   4.6  3  120   18290    0
  ... Passed --   5.5  7  594   87950    0
ok  	6.824/raft	13.199s
41
  ... Passed --   3.1  3   54   11124    0
  ... Passed --   4.4  3  124   18812    0
  ... Passed --   5.5  7  648   97722    0
ok  	6.824/raft	13.028s
42
  ... Passed --   3.1  3   54   11016    0
  ... Passed --   4.5  3  118   17914    0
  ... Passed --   5.6  7  630   98130    0
ok  	6.824/raft	13.133s
43
  ... Passed --   3.0  3   52   10604    0
  ... Passed --   4.4  3  114   17436    0
  ... Passed --   5.6  7  594   87642    0
ok  	6.824/raft	13.049s
44
  ... Passed --   3.0  3   52   10708    0
  ... Passed --   4.5  3  122   18864    0
  ... Passed --   5.5  7  558   85270    0
ok  	6.824/raft	13.155s
45
  ... Passed --   3.1  3   52   10708    0
  ... Passed --   4.5  3  122   18872    0
  ... Passed --   5.4  7  696  105252    0
ok  	6.824/raft	13.121s
46
  ... Passed --   3.1  3   52   10708    0
  ... Passed --   5.0  3  128   19716    0
  ... Passed --   5.6  7  606   94248    0
ok  	6.824/raft	13.701s
47
  ... Passed --   3.1  3   54   11124    0
  ... Passed --   4.4  3  118   17970    0
  ... Passed --   5.3  7  504   76132    0
ok  	6.824/raft	12.818s
48
  ... Passed --   3.1  3   54   11124    0
  ... Passed --   4.5  3  124   18870    0
  ... Passed --   5.6  7  570   84552    0
ok  	6.824/raft	13.220s
49
  ... Passed --   3.0  3   52   10708    0
  ... Passed --   4.5  3  118   17876    0
  ... Passed --2022/04/21 14:15:13 101 server 3 term 13 VoteCall failed to 4 had vote 1
ok  	6.824/raft	13.574s
50
  ... Passed --   3.1  3   56   11324    0
  ... Passed --   4.4  3  120   18128    0
  ... Passed --   5.5  7  678  102842    0
ok  	6.824/raft	13.012s
51
  ... Passed --   3.0  3   52   10708    0
  ... Passed --   4.4  3  120   18186    0
  ... Passed --   5.5  7  594   91820    0
ok  	6.824/raft	13.044s
52
  ... Passed --   3.0  3   52   10708    0
  ... Passed --   4.4  3  118   18040    0
  ... Passed --   5.6  7  618   93374    0
ok  	6.824/raft	13.085s
53
  ... Passed --   3.1  3   54   11016    0
  ... Passed --   4.5  3  120   18234    0
  ... Passed --   5.6  7  684  102028    0
ok  	6.824/raft	13.238s
54
  ... Passed --   3.1  3   52   10604    0
  ... Passed --   4.5  3  122   18328    0
  ... Passed --   5.6  7  624   93092    0
ok  	6.824/raft	13.184s
55
  ... Passed --   3.1  3   52   10708    0
  ... Passed --   4.6  3  118   17994    0
  ... Passed --   5.5  7  594   90530    0
ok  	6.824/raft	13.160s
56
  ... Passed --   3.1  3   54   11016    0
  ... Passed --   4.6  3  122   18588    0
  ... Passed --   5.4  7  564   86206    0
ok  	6.824/raft	13.115s
57
  ... Passed --   3.1  3   52   10604    0
  ... Passed --   4.6  3  118   18034    0
  ... Passed --   5.6  7  588   90904    0
ok  	6.824/raft	13.293s
58
  ... Passed --   3.0  3   50   10292    0
  ... Passed --   4.4  3  116   17568    0
  ... Passed --   5.6  7  660  102332    0
ok  	6.824/raft	13.043s
59
  ... Passed --   3.1  3   52   10708    0
  ... Passed --   4.5  3  118   18158    0
  ... Passed --   5.5  7  558   85906    0
ok  	6.824/raft	13.077s
60
  ... Passed --   3.1  3   52   10708    0
  ... Passed --   4.6  3  120   18502    0
  ... Passed --   5.5  7  564   85162    0
ok  	6.824/raft	13.153s
61
  ... Passed --   3.0  3   52   10708    0
  ... Passed --   4.5  3  122   18518    0
  ... Passed --   5.5  7  570   86880    0
ok  	6.824/raft	13.090s
62
  ... Passed --   3.1  3   54   11016    0
  ... Passed --   4.5  3  120   18180    0
  ... Passed --   5.6  7  642   99690    0
ok  	6.824/raft	13.165s
63
  ... Passed --   3.0  3   52   10708    0
  ... Passed --   4.5  3  118   17714    0
  ... Passed --   5.6  7  588   89116    0
ok  	6.824/raft	13.093s
64
  ... Passed --   3.0  3   52   10708    0
  ... Passed --   4.4  3  122   18852    0
  ... Passed --2022/04/21 14:18:32 997 4 derver go exit--5
ok  	6.824/raft	12.924s
65
  ... Passed --   3.1  3   52   10708    0
  ... Passed --   4.5  3  114   17274    0
  ... Passed --   5.6  7  630   95906    0
ok  	6.824/raft	13.256s
66
  ... Passed --   3.1  3   52   10604    0
  ... Passed --   4.5  3  116   17646    0
  ... Passed --   5.5  7  654  100940    0
ok  	6.824/raft	13.171s
67
  ... Passed --   3.1  3   52   10708    0
  ... Passed --   4.5  3  120   18176    0
  ... Passed --   5.5  7  576   87528    0
ok  	6.824/raft	13.123s
68
  ... Passed --   3.1  3   52   10708    0
  ... Passed --   4.6  3  122   18748    0
  ... Passed --   5.5  7  660  100662    0
ok  	6.824/raft	13.223s
69
  ... Passed --   3.1  3   52   10604    0
  ... Passed --   4.5  3  122   18472    0
  ... Passed --   5.5  7  660  102294    0
ok  	6.824/raft	13.113s
70
  ... Passed --   3.1  3   54   11124    0
  ... Passed --   4.5  3  120   18272    0
  ... Passed --   5.6  7  582   86348    0
ok  	6.824/raft	13.236s
71
  ... Passed --   3.0  3   52   10708    0
  ... Passed --   4.6  3  118   17946    0
  ... Passed --   5.6  7  576   85838    0
ok  	6.824/raft	13.284s
72
  ... Passed --   3.0  3   52   10604    0
  ... Passed --   4.5  3  122   18588    0
  ... Passed --   5.5  7  552   81198    0
ok  	6.824/raft	13.066s
73
  ... Passed --   3.1  3   52   10708    0
  ... Passed --   4.5  3  118   17800    0
  ... Passed --   5.5  7  672  102856    0
ok  	6.824/raft	13.071s
74
  ... Passed --   3.1  3   52   10708    0
  ... Passed --   4.4  3  120   18186    0
  ... Passed --   5.5  7  696  105694    0
ok  	6.824/raft	13.044s
75
  ... Passed --   3.1  3   52   10708    0
  ... Passed --   4.5  3  118   17576    0
  ... Passed --   5.4  7  618   91488    0
ok  	6.824/raft	12.995s
76
  ... Passed --   3.0  3   50   10292    0
  ... Passed --   4.4  3  116   17582    0
  ... Passed --   5.5  7  630   94102    0
ok  	6.824/raft	12.879s
77
  ... Passed --   3.0  3   52   10708    0
  ... Passed --   4.5  3  122   18762    0
  ... Passed --   5.5  7  642   98564    0
ok  	6.824/raft	13.034s
78
  ... Passed --   3.0  3   50   10292    0
  ... Passed --   4.5  3  120   17958    0
  ... Passed --   5.4  7  528   79204    0
ok  	6.824/raft	12.875s
79
  ... Passed --   3.1  3   54   11124    0
  ... Passed --   4.5  3  120   18268    0
  ... Passed --   5.4  7  570   84668    0
ok  	6.824/raft	13.020s
80
  ... Passed --   3.0  3   52   10604    0
  ... Passed --   4.5  3  120   18126    0
  ... Passed --   5.5  7  588   86612    0
ok  	6.824/raft	13.083s
81
  ... Passed --   3.0  3   50   10292    0
  ... Passed --   4.5  3  118   17830    0
  ... Passed --   6.2  7  654   96414    0
ok  	6.824/raft	13.765s
82
  ... Passed --   3.1  3   54   11016    0
  ... Passed --   4.5  3  120   18376    0
  ... Passed --   5.5  7  570   85576    0
ok  	6.824/raft	13.055s
83
  ... Passed --   3.0  3   52   10604    0
  ... Passed --   4.5  3  124   18842    0
  ... Passed --2022/04/21 14:22:46 S374 4 sendhert failed to 5
ok  	6.824/raft	12.989s
84
  ... Passed --   3.1  3   52   10600    0
  ... Passed --   4.6  3  120   18112    0
  ... Passed --   5.6  7  726  110672    0
ok  	6.824/raft	13.282s
85
  ... Passed --   3.1  3   52   10708    0
  ... Passed --   4.4  3  122   18526    0
  ... Passed --2022/04/21 14:23:13 69 server 4 term 14 VoteCall failed to 1 had vote 1
ok  	6.824/raft	12.986s
86
  ... Passed --   3.1  3   52   10604    0
  ... Passed --   4.5  3  122   18688    0
  ... Passed --   5.2  7  558   83904    0
ok  	6.824/raft	12.815s
87
  ... Passed --   3.1  3   54   11124    0
  ... Passed --   4.5  3   86   13780    0
  ... Passed --   5.5  7  570   86156    0
ok  	6.824/raft	13.052s
88
  ... Passed --   3.0  3   52   10604    0
  ... Passed --   4.6  3  128   19422    0
  ... Passed --   5.5  7  636   98660    0
ok  	6.824/raft	13.196s
89
  ... Passed --   3.0  3   54   11016    0
  ... Passed --   4.6  3  124   18948    0
  ... Passed --   5.9  7  702  107450    0
ok  	6.824/raft	13.508s
90
  ... Passed --   3.0  3   54   11124    0
  ... Passed --   4.5  3  122   18752    0
  ... Passed --   5.3  7  642   96842    0
ok  	6.824/raft	12.833s
91
  ... Passed --   3.1  3   52   10708    0
  ... Passed --   4.6  3  126   19300    0
  ... Passed --   5.4  7  576   88148    0
ok  	6.824/raft	13.017s
92
  ... Passed --   3.0  3   52   10604    0
  ... Passed --   4.6  3  124   18884    0
  ... Passed --   5.7  7  552   83916    0
ok  	6.824/raft	13.309s
93
  ... Passed --   3.1  3   52   10708    0
  ... Passed --   4.5  3  122   18298    0
  ... Passed --   5.4  7  582   92808    0
ok  	6.824/raft	12.931s
94
  ... Passed --   3.0  3   50   10192    0
  ... Passed --   4.5  3  126   19130    0
  ... Passed --   5.5  7  612   92940    0
ok  	6.824/raft	13.049s
95
  ... Passed --   3.0  3   52   10708    0
  ... Passed --   4.5  3  124   19164    0
  ... Passed --   5.3  7  582   88276    0
ok  	6.824/raft	12.897s
96
  ... Passed --   3.1  3   54   11016    0
  ... Passed --   4.6  3  124   18714    0
  ... Passed --   5.4  7  630   93716    0
ok  	6.824/raft	13.089s
97
  ... Passed --   3.0  3   52   10708    0
  ... Passed --   4.4  3  116   17692    0
  ... Passed --   5.7  7  564   88576    0
ok  	6.824/raft	13.254s
98
  ... Passed --   3.0  3   52   10708    0
  ... Passed --   4.6  3  122   18806    0
  ... Passed --   5.4  7  546   82850    0
ok  	6.824/raft	13.051s
99
  ... Passed --   3.0  3   50   10192    0
  ... Passed --   4.4  3  116   17746    0
  ... Passed --   5.4  7  648  100696    0
ok  	6.824/raft	12.878s
100
  ... Passed --   3.0  3   52   10708    0
  ... Passed --   4.4  3  118   17760    0
  ... Passed --   5.5  7  642   98102    0
ok  	6.824/raft	13.005s
